# JRE version: OpenJDK Runtime Environment (8.0_242-b01) (build 1.8.0_242-release-1644-b01)
# Java VM: OpenJDK 64-Bit Server VM (25.242-b01 mixed mode windows-amd64 compressed oops)
Heap:
 PSYoungGen      total 291840K, used 140387K [0x00000000d5580000, 0x00000000e9980000, 0x0000000100000000)
  eden space 272384K, 46% used [0x00000000d5580000,0x00000000dd0f9d30,0x00000000e5f80000)
  from space 19456K, 71% used [0x00000000e7300000,0x00000000e809f098,0x00000000e8600000)
  to   space 19968K, 0% used [0x00000000e5f80000,0x00000000e5f80000,0x00000000e7300000)
 ParOldGen       total 164864K, used 35938K [0x0000000080000000, 0x000000008a100000, 0x00000000d5580000)
  object space 164864K, 21% used [0x0000000080000000,0x0000000082318a10,0x000000008a100000)
 Metaspace       used 68293K, capacity 71658K, committed 71728K, reserved 1112064K
  class space    used 9294K, capacity 9970K, committed 10032K, reserved 1048576K
GC Heap History (10 events):
Event: 19.188 GC heap before
{Heap before GC invocations=9 (full 2):
 PSYoungGen      total 136192K, used 8710K [0x00000000d5580000, 0x00000000e5100000, 0x0000000100000000)
  eden space 124416K, 0% used [0x00000000d5580000,0x00000000d5580000,0x00000000dcf00000)
  from space 11776K, 73% used [0x00000000dcf00000,0x00000000dd781820,0x00000000dda80000)
  to   space 11776K, 0% used [0x00000000e4580000,0x00000000e4580000,0x00000000e5100000)
 ParOldGen       total 79360K, used 7315K [0x0000000080000000, 0x0000000084d80000, 0x00000000d5580000)
  object space 79360K, 9% used [0x0000000080000000,0x0000000080724de0,0x0000000084d80000)
 Metaspace       used 34598K, capacity 35410K, committed 35496K, reserved 1079296K
  class space    used 4744K, capacity 4972K, committed 5040K, reserved 1048576K
Event: 19.254 GC heap after
Heap after GC invocations=9 (full 2):
 PSYoungGen      total 136192K, used 0K [0x00000000d5580000, 0x00000000e5100000, 0x0000000100000000)
  eden space 124416K, 0% used [0x00000000d5580000,0x00000000d5580000,0x00000000dcf00000)
  from space 11776K, 0% used [0x00000000dcf00000,0x00000000dcf00000,0x00000000dda80000)
  to   space 11776K, 0% used [0x00000000e4580000,0x00000000e4580000,0x00000000e5100000)
 ParOldGen       total 110592K, used 15338K [0x0000000080000000, 0x0000000086c00000, 0x00000000d5580000)
  object space 110592K, 13% used [0x0000000080000000,0x0000000080efa928,0x0000000086c00000)
 Metaspace       used 34598K, capacity 35410K, committed 35496K, reserved 1079296K
  class space    used 4744K, capacity 4972K, committed 5040K, reserved 1048576K
}
Event: 25.113 GC heap before
{Heap before GC invocations=10 (full 2):
 PSYoungGen      total 136192K, used 124416K [0x00000000d5580000, 0x00000000e5100000, 0x0000000100000000)
  eden space 124416K, 100% used [0x00000000d5580000,0x00000000dcf00000,0x00000000dcf00000)
  from space 11776K, 0% used [0x00000000dcf00000,0x00000000dcf00000,0x00000000dda80000)
  to   space 11776K, 0% used [0x00000000e4580000,0x00000000e4580000,0x00000000e5100000)
 ParOldGen       total 110592K, used 15338K [0x0000000080000000, 0x0000000086c00000, 0x00000000d5580000)
  object space 110592K, 13% used [0x0000000080000000,0x0000000080efa928,0x0000000086c00000)
 Metaspace       used 45003K, capacity 46504K, committed 46768K, reserved 1089536K
  class space    used 6090K, capacity 6470K, committed 6576K, reserved 1048576K
Event: 25.126 GC heap after
Heap after GC invocations=10 (full 2):
 PSYoungGen      total 212992K, used 11755K [0x00000000d5580000, 0x00000000e5100000, 0x0000000100000000)
  eden space 201216K, 0% used [0x00000000d5580000,0x00000000d5580000,0x00000000e1a00000)
  from space 11776K, 99% used [0x00000000e4580000,0x00000000e50fadc8,0x00000000e5100000)
  to   space 13824K, 0% used [0x00000000e3600000,0x00000000e3600000,0x00000000e4380000)
 ParOldGen       total 110592K, used 18518K [0x0000000080000000, 0x0000000086c00000, 0x00000000d5580000)
  object space 110592K, 16% used [0x0000000080000000,0x0000000081215a68,0x0000000086c00000)
 Metaspace       used 45003K, capacity 46504K, committed 46768K, reserved 1089536K
  class space    used 6090K, capacity 6470K, committed 6576K, reserved 1048576K
}
Event: 26.876 GC heap before
{Heap before GC invocations=11 (full 2):
 PSYoungGen      total 212992K, used 152678K [0x00000000d5580000, 0x00000000e5100000, 0x0000000100000000)
  eden space 201216K, 70% used [0x00000000d5580000,0x00000000ddf1ea60,0x00000000e1a00000)
  from space 11776K, 99% used [0x00000000e4580000,0x00000000e50fadc8,0x00000000e5100000)
  to   space 13824K, 0% used [0x00000000e3600000,0x00000000e3600000,0x00000000e4380000)
 ParOldGen       total 110592K, used 18518K [0x0000000080000000, 0x0000000086c00000, 0x00000000d5580000)
  object space 110592K, 16% used [0x0000000080000000,0x0000000081215a68,0x0000000086c00000)
 Metaspace       used 57056K, capacity 59038K, committed 59160K, reserved 1099776K
  class space    used 7817K, capacity 8292K, committed 8368K, reserved 1048576K
Event: 26.894 GC heap after
Heap after GC invocations=11 (full 2):
 PSYoungGen      total 243712K, used 13821K [0x00000000d5580000, 0x00000000e8600000, 0x0000000100000000)
  eden space 229888K, 0% used [0x00000000d5580000,0x00000000d5580000,0x00000000e3600000)
  from space 13824K, 99% used [0x00000000e3600000,0x00000000e437f7c0,0x00000000e4380000)
  to   space 19456K, 0% used [0x00000000e7300000,0x00000000e7300000,0x00000000e8600000)
 ParOldGen       total 110592K, used 28821K [0x0000000080000000, 0x0000000086c00000, 0x00000000d5580000)
  object space 110592K, 26% used [0x0000000080000000,0x0000000081c25608,0x0000000086c00000)
 Metaspace       used 57056K, capacity 59038K, committed 59160K, reserved 1099776K
  class space    used 7817K, capacity 8292K, committed 8368K, reserved 1048576K
}
Event: 26.894 GC heap before
{Heap before GC invocations=12 (full 3):
 PSYoungGen      total 243712K, used 13821K [0x00000000d5580000, 0x00000000e8600000, 0x0000000100000000)
  eden space 229888K, 0% used [0x00000000d5580000,0x00000000d5580000,0x00000000e3600000)
  from space 13824K, 99% used [0x00000000e3600000,0x00000000e437f7c0,0x00000000e4380000)
  to   space 19456K, 0% used [0x00000000e7300000,0x00000000e7300000,0x00000000e8600000)
 ParOldGen       total 110592K, used 28821K [0x0000000080000000, 0x0000000086c00000, 0x00000000d5580000)
  object space 110592K, 26% used [0x0000000080000000,0x0000000081c25608,0x0000000086c00000)
 Metaspace       used 57056K, capacity 59038K, committed 59160K, reserved 1099776K
  class space    used 7817K, capacity 8292K, committed 8368K, reserved 1048576K
Event: 27.082 GC heap after
Heap after GC invocations=12 (full 3):
 PSYoungGen      total 243712K, used 0K [0x00000000d5580000, 0x00000000e8600000, 0x0000000100000000)
  eden space 229888K, 0% used [0x00000000d5580000,0x00000000d5580000,0x00000000e3600000)
  from space 13824K, 0% used [0x00000000e3600000,0x00000000e3600000,0x00000000e4380000)
  to   space 19456K, 0% used [0x00000000e7300000,0x00000000e7300000,0x00000000e8600000)
 ParOldGen       total 164864K, used 35930K [0x0000000080000000, 0x000000008a100000, 0x00000000d5580000)
  object space 164864K, 21% used [0x0000000080000000,0x0000000082316a10,0x000000008a100000)
 Metaspace       used 57030K, capacity 58948K, committed 59160K, reserved 1099776K
  class space    used 7809K, capacity 8277K, committed 8368K, reserved 1048576K
}
Event: 32.150 GC heap before
{Heap before GC invocations=13 (full 3):
 PSYoungGen      total 243712K, used 229888K [0x00000000d5580000, 0x00000000e8600000, 0x0000000100000000)
  eden space 229888K, 100% used [0x00000000d5580000,0x00000000e3600000,0x00000000e3600000)
  from space 13824K, 0% used [0x00000000e3600000,0x00000000e3600000,0x00000000e4380000)
  to   space 19456K, 0% used [0x00000000e7300000,0x00000000e7300000,0x00000000e8600000)
 ParOldGen       total 164864K, used 35930K [0x0000000080000000, 0x000000008a100000, 0x00000000d5580000)
  object space 164864K, 21% used [0x0000000080000000,0x0000000082316a10,0x000000008a100000)
 Metaspace       used 63628K, capacity 66790K, committed 67120K, reserved 1107968K
  class space    used 8759K, capacity 9394K, committed 9520K, reserved 1048576K
Event: 32.164 GC heap after
Heap after GC invocations=13 (full 3):
 PSYoungGen      total 291840K, used 13948K [0x00000000d5580000, 0x00000000e9980000, 0x0000000100000000)
  eden space 272384K, 0% used [0x00000000d5580000,0x00000000d5580000,0x00000000e5f80000)
  from space 19456K, 71% used [0x00000000e7300000,0x00000000e809f098,0x00000000e8600000)
  to   space 19968K, 0% used [0x00000000e5f80000,0x00000000e5f80000,0x00000000e7300000)
 ParOldGen       total 164864K, used 35938K [0x0000000080000000, 0x000000008a100000, 0x00000000d5580000)
  object space 164864K, 21% used [0x0000000080000000,0x0000000082318a10,0x000000008a100000)
 Metaspace       used 63628K, capacity 66790K, committed 67120K, reserved 1107968K
  class space    used 8759K, capacity 9394K, committed 9520K, reserved 1048576K
}

